<?xml version="1.0" encoding="UTF-8"?>
<!-- Generated by org.testng.reporters.JUnitReportReporter -->
<testsuite skipped="0" hostname="DESKTOP-QRA9R3I" name="il.co.fisheye.tests.LoginEntry" tests="1" failures="0" timestamp="2019-11-06T20:15:28 IST" time="15.603" errors="0">
  <testcase name="LogOnusre" time="15.603" classname="il.co.fisheye.tests.LoginEntry"/>
</testsuite> <!-- il.co.fisheye.tests.LoginEntry -->
