<?xml version="1.0" encoding="UTF-8"?>
<!-- Generated by org.testng.reporters.JUnitReportReporter -->
<testsuite skipped="0" hostname="DESKTOP-QRA9R3I" name="il.co.fisheye.tests._008_SearchingByEnglishMovieNameTest" tests="1" failures="0" timestamp="2019-12-10T16:51:03 IST" time="20.194" errors="0">
  <testcase name="_008_SearchingByEnglishMovieName" time="20.194" classname="il.co.fisheye.tests._008_SearchingByEnglishMovieNameTest"/>
</testsuite> <!-- il.co.fisheye.tests._008_SearchingByEnglishMovieNameTest -->
