<?xml version="1.0" encoding="UTF-8"?>
<!-- Generated by org.testng.reporters.JUnitReportReporter -->
<testsuite skipped="0" hostname="DESKTOP-QRA9R3I" name="il.co.fisheye.tests._007_SearchingByHebrewMovieNameTest" tests="1" failures="0" timestamp="2019-12-08T19:16:36 IST" time="14.753" errors="0">
  <testcase name="_007_SearchingByHebrewMovieName" time="14.753" classname="il.co.fisheye.tests._007_SearchingByHebrewMovieNameTest"/>
</testsuite> <!-- il.co.fisheye.tests._007_SearchingByHebrewMovieNameTest -->
