<?xml version="1.0" encoding="UTF-8"?>
<!-- Generated by org.testng.reporters.JUnitReportReporter -->
<testsuite skipped="0" hostname="DESKTOP-QRA9R3I" name="il.co.fisheye.tests._003_TheSystemWontLetTheUserEnterWithWrongUserNameTest" tests="1" failures="0" timestamp="2019-12-10T16:12:13 IST" time="21.126" errors="0">
  <testcase name="_003_TheSystemWontLetTheUserEnterWithWrongUserName" time="21.126" classname="il.co.fisheye.tests._003_TheSystemWontLetTheUserEnterWithWrongUserNameTest"/>
</testsuite> <!-- il.co.fisheye.tests._003_TheSystemWontLetTheUserEnterWithWrongUserNameTest -->
