<?xml version="1.0" encoding="UTF-8"?>
<!-- Generated by org.testng.reporters.JUnitReportReporter -->
<testsuite skipped="0" hostname="DESKTOP-QRA9R3I" name="il.co.fisheye.tests._006_SearchMainBarTest" tests="2" failures="0" timestamp="2019-12-08T19:03:09 IST" time="127.561" errors="0">
  <testcase name="_006_SearchMainBar" time="105.849" classname="il.co.fisheye.tests._006_SearchMainBarTest"/>
  <testcase name="_006_SearchMainBar" time="21.712" classname="il.co.fisheye.tests._006_SearchMainBarTest"/>
</testsuite> <!-- il.co.fisheye.tests._006_SearchMainBarTest -->
