<?xml version="1.0" encoding="UTF-8"?>
<!-- Generated by org.testng.reporters.JUnitReportReporter -->
<testsuite skipped="0" hostname="DESKTOP-QRA9R3I" name="il.co.fisheye.tests._002_logingWitheCorrectUserNameQPasswordTest" tests="1" failures="0" timestamp="2019-12-09T22:17:36 IST" time="13.508" errors="0">
  <testcase name="_002_logingWitheCorrectUserNameQPassword" time="13.508" classname="il.co.fisheye.tests._002_logingWitheCorrectUserNameQPasswordTest"/>
</testsuite> <!-- il.co.fisheye.tests._002_logingWitheCorrectUserNameQPasswordTest -->
