<?xml version="1.0" encoding="UTF-8"?>
<!-- Generated by org.testng.reporters.JUnitReportReporter -->
<testsuite skipped="0" hostname="DESKTOP-QRA9R3I" name="il.co.fisheye.tests._008_SearchingByEnglishMovieNameTest" tests="1" failures="0" timestamp="2019-12-08T20:04:11 IST" time="14.222" errors="0">
  <testcase name="_008_SearchingByEnglishMovieName" time="14.222" classname="il.co.fisheye.tests._008_SearchingByEnglishMovieNameTest"/>
</testsuite> <!-- il.co.fisheye.tests._008_SearchingByEnglishMovieNameTest -->
