<?xml version="1.0" encoding="UTF-8"?>
<!-- Generated by org.testng.reporters.JUnitReportReporter -->
<testsuite skipped="0" hostname="DESKTOP-QRA9R3I" name="il.co.fisheye.tests._005_SystemLogOutTest" tests="1" failures="0" timestamp="2019-12-09T22:17:36 IST" time="19.994" errors="0">
  <testcase name="_005_SystemLogOut" time="19.994" classname="il.co.fisheye.tests._005_SystemLogOutTest"/>
</testsuite> <!-- il.co.fisheye.tests._005_SystemLogOutTest -->
