<?xml version="1.0" encoding="UTF-8"?>
<!-- Generated by org.testng.reporters.JUnitReportReporter -->
<testsuite skipped="0" hostname="DESKTOP-QRA9R3I" name="il.co.fisheye.tests._010_choseFirstInstancTest" tests="1" failures="0" timestamp="2019-12-08T19:56:46 IST" time="12.807" errors="0">
  <testcase name="_010_choseFirstInstanc" time="12.807" classname="il.co.fisheye.tests._010_choseFirstInstancTest"/>
</testsuite> <!-- il.co.fisheye.tests._010_choseFirstInstancTest -->
