<?xml version="1.0" encoding="UTF-8"?>
<!-- Generated by org.testng.reporters.JUnitReportReporter -->
<testsuite skipped="0" hostname="DESKTOP-QRA9R3I" name="il.co.fisheye.tests._0011_FaildRegisterTest" tests="1" failures="0" timestamp="2019-12-10T16:13:06 IST" time="27.645" errors="0">
  <testcase name="_0011_FaildRegister" time="27.645" classname="il.co.fisheye.tests._0011_FaildRegisterTest"/>
</testsuite> <!-- il.co.fisheye.tests._0011_FaildRegisterTest -->
