<?xml version="1.0" encoding="UTF-8"?>
<!-- Generated by org.testng.reporters.JUnitReportReporter -->
<testsuite skipped="0" hostname="DESKTOP-QRA9R3I" name="il.co.fisheye.tests._010_choseFirstInstanc" tests="1" failures="0" timestamp="2019-11-06T21:19:14 IST" time="14.627" errors="0">
  <testcase name="_002_logingWitheCorrectUserNameQPassword" time="14.627" classname="il.co.fisheye.tests._010_choseFirstInstanc"/>
</testsuite> <!-- il.co.fisheye.tests._010_choseFirstInstanc -->
