<?xml version="1.0" encoding="UTF-8"?>
<!-- Generated by org.testng.reporters.JUnitReportReporter -->
<testsuite skipped="0" hostname="DESKTOP-QRA9R3I" name="il.co.fisheye.tests._004_changeUserNameTest" tests="1" failures="0" timestamp="2019-12-10T16:11:19 IST" time="31.182" errors="0">
  <testcase name="_004_changeUserName" time="31.182" classname="il.co.fisheye.tests._004_changeUserNameTest"/>
</testsuite> <!-- il.co.fisheye.tests._004_changeUserNameTest -->
