<?xml version="1.0" encoding="UTF-8"?>
<!-- Generated by org.testng.reporters.JUnitReportReporter -->
<testsuite skipped="0" hostname="DESKTOP-QRA9R3I" name="il.co.fisheye.tests._003_TheSystemWontLetTheUserEnterWithWrongUserNameTest" tests="1" failures="0" timestamp="2019-12-07T17:17:52 IST" time="14.029" errors="0">
  <testcase name="_003_TheSystemWontLetTheUserEnterWithWrongUserName" time="14.029" classname="il.co.fisheye.tests._003_TheSystemWontLetTheUserEnterWithWrongUserNameTest"/>
</testsuite> <!-- il.co.fisheye.tests._003_TheSystemWontLetTheUserEnterWithWrongUserNameTest -->
